flutter_image_compress_common/outputs/logs/manifest-merger-debug-report.txt
-- Merging decision tree log ---
manifest
ADDED from src\main\AndroidManifest.xml:1:1-4:12
INJECTED from src\main\AndroidManifest.xml:1:1-4:12
INJECTED from src\main\AndroidManifest.xml:1:1-4:12
	package
		ADDED from src\main\AndroidManifest.xml:2:5-56
		INJECTED from src\main\AndroidManifest.xml
		INJECTED from src\main\AndroidManifest.xml
	xmlns:tools
		ADDED from src\main\AndroidManifest.xml:1:11-57
	xmlns:android
		ADDED from src\main\AndroidManifest.xml:1:1-4:12
uses-sdk
ADDED from src\main\AndroidManifest.xml:3:5-60
INJECTED from src\main\AndroidManifest.xml:3:5-60
INJECTED from src\main\AndroidManifest.xml:3:5-60
INJECTED from src\main\AndroidManifest.xml:3:5-60
INJECTED from src\main\AndroidManifest.xml:3:5-60
	tools:overrideLibrary
		ADDED from src\main\AndroidManifest.xml:3:15-58
	android:targetSdkVersion
		INJECTED from src\main\AndroidManifest.xml
		ADDED from src\main\AndroidManifest.xml:3:5-60
		INJECTED from src\main\AndroidManifest.xml
	android:minSdkVersion
		INJECTED from src\main\AndroidManifest.xml
		ADDED from src\main\AndroidManifest.xml:3:5-60
		INJECTED from src\main\AndroidManifest.xml